<?xml version="1.0" encoding="UTF-8"?>
<robot generator="Robot 4.0.2 (Python 3.9.5 on win32)" generated="20210525 22:24:39.955" rpa="false" schemaversion="2">
<suite id="s1" name="RegisterVerifyNewUser" source="C:\Users\nitin\PycharmProjects\TaskDemo\TestCases\UITestCases\RegisterVerifyNewUser.robot">
<test id="s1-t1" name="Default User creation for testing purpose">
<kw name="Start Browser and Maximize" library="Common" type="SETUP">
<doc>This keyword is used to open browser and maximize it.</doc>
<kw name="Open Browser" library="SeleniumLibrary">
<arg>${URL}</arg>
<arg>${Browser}</arg>
<doc>Opens a new browser instance to the optional ``url``.</doc>
<msg timestamp="20210525 22:24:40.256" level="INFO">Opening browser 'ff' to base url 'http://127.0.0.1:8080/'.</msg>
<msg timestamp="20210525 22:24:40.295" level="INFO">Firefox driver log is always forced to to: C:\Users\nitin\PycharmProjects\TaskDemo\geckodriver-397.log</msg>
<status status="PASS" starttime="20210525 22:24:40.256" endtime="20210525 22:24:46.012"/>
</kw>
<kw name="Maximize Browser Window" library="SeleniumLibrary">
<doc>Maximizes current browser window.</doc>
<status status="PASS" starttime="20210525 22:24:46.012" endtime="20210525 22:24:46.328"/>
</kw>
<status status="PASS" starttime="20210525 22:24:40.255" endtime="20210525 22:24:46.328"/>
</kw>
<kw name="Click on RegisterLink" library="Common">
<doc>This keyword is used to click register link in home page</doc>
<kw name="Read Element Locator" library="Common">
<var>${lRegistorlink}</var>
<arg>Home.register_link_xpath</arg>
<doc>This keyword is used to fetch the locator from jsonfile</doc>
<kw name="Read Locator From Json" library="Locator">
<var>${result}</var>
<arg>${JsonPath}</arg>
<msg timestamp="20210525 22:24:46.385" level="INFO">${result} = //a[text()='Register']</msg>
<status status="PASS" starttime="20210525 22:24:46.377" endtime="20210525 22:24:46.385"/>
</kw>
<msg timestamp="20210525 22:24:46.385" level="INFO">${lRegistorlink} = //a[text()='Register']</msg>
<status status="PASS" starttime="20210525 22:24:46.375" endtime="20210525 22:24:46.385"/>
</kw>
<kw name="Click Link" library="SeleniumLibrary">
<arg>xpath:${lRegistorlink}</arg>
<doc>Clicks a link identified by ``locator``.</doc>
<msg timestamp="20210525 22:24:46.386" level="INFO">Clicking link 'xpath://a[text()='Register']'.</msg>
<status status="PASS" starttime="20210525 22:24:46.386" endtime="20210525 22:24:46.525"/>
</kw>
<status status="PASS" starttime="20210525 22:24:46.374" endtime="20210525 22:24:46.525"/>
</kw>
<kw name="Fill values in register form" library="RegisterPage">
<arg>${default_username}</arg>
<arg>${default_password}</arg>
<arg>${default_firstname}</arg>
<arg>${default_lastname}</arg>
<arg>${default_phone}</arg>
<doc>This Keyword is used to fill all the fields in the registeration form</doc>
<kw name="Read Element Locator" library="Common">
<var>${lusername}</var>
<arg>Registration.username_textbox_id</arg>
<doc>This keyword is used to fetch the locator from jsonfile</doc>
<kw name="Read Locator From Json" library="Locator">
<var>${result}</var>
<arg>${JsonPath}</arg>
<msg timestamp="20210525 22:24:46.543" level="INFO">${result} = username</msg>
<status status="PASS" starttime="20210525 22:24:46.542" endtime="20210525 22:24:46.543"/>
</kw>
<msg timestamp="20210525 22:24:46.544" level="INFO">${lusername} = username</msg>
<status status="PASS" starttime="20210525 22:24:46.542" endtime="20210525 22:24:46.544"/>
</kw>
<kw name="Read Element Locator" library="Common">
<var>${lpassword}</var>
<arg>Registration.password_textbox_id</arg>
<doc>This keyword is used to fetch the locator from jsonfile</doc>
<kw name="Read Locator From Json" library="Locator">
<var>${result}</var>
<arg>${JsonPath}</arg>
<msg timestamp="20210525 22:24:46.547" level="INFO">${result} = password</msg>
<status status="PASS" starttime="20210525 22:24:46.545" endtime="20210525 22:24:46.547"/>
</kw>
<msg timestamp="20210525 22:24:46.548" level="INFO">${lpassword} = password</msg>
<status status="PASS" starttime="20210525 22:24:46.544" endtime="20210525 22:24:46.548"/>
</kw>
<kw name="Read Element Locator" library="Common">
<var>${lfirstname}</var>
<arg>Registration.firstname_textbox_id</arg>
<doc>This keyword is used to fetch the locator from jsonfile</doc>
<kw name="Read Locator From Json" library="Locator">
<var>${result}</var>
<arg>${JsonPath}</arg>
<msg timestamp="20210525 22:24:46.550" level="INFO">${result} = firstname</msg>
<status status="PASS" starttime="20210525 22:24:46.549" endtime="20210525 22:24:46.550"/>
</kw>
<msg timestamp="20210525 22:24:46.551" level="INFO">${lfirstname} = firstname</msg>
<status status="PASS" starttime="20210525 22:24:46.548" endtime="20210525 22:24:46.551"/>
</kw>
<kw name="Read Element Locator" library="Common">
<var>${llastname}</var>
<arg>Registration.lastname_textbox_id</arg>
<doc>This keyword is used to fetch the locator from jsonfile</doc>
<kw name="Read Locator From Json" library="Locator">
<var>${result}</var>
<arg>${JsonPath}</arg>
<msg timestamp="20210525 22:24:46.552" level="INFO">${result} = lastname</msg>
<status status="PASS" starttime="20210525 22:24:46.552" endtime="20210525 22:24:46.552"/>
</kw>
<msg timestamp="20210525 22:24:46.553" level="INFO">${llastname} = lastname</msg>
<status status="PASS" starttime="20210525 22:24:46.551" endtime="20210525 22:24:46.553"/>
</kw>
<kw name="Read Element Locator" library="Common">
<var>${lphone}</var>
<arg>Registration.phone_textbox_id</arg>
<doc>This keyword is used to fetch the locator from jsonfile</doc>
<kw name="Read Locator From Json" library="Locator">
<var>${result}</var>
<arg>${JsonPath}</arg>
<msg timestamp="20210525 22:24:46.555" level="INFO">${result} = phone</msg>
<status status="PASS" starttime="20210525 22:24:46.554" endtime="20210525 22:24:46.555"/>
</kw>
<msg timestamp="20210525 22:24:46.555" level="INFO">${lphone} = phone</msg>
<status status="PASS" starttime="20210525 22:24:46.553" endtime="20210525 22:24:46.555"/>
</kw>
<kw name="Input Text" library="SeleniumLibrary">
<arg>id:${lusername}</arg>
<arg>${Username}</arg>
<doc>Types the given ``text`` into the text field identified by ``locator``.</doc>
<msg timestamp="20210525 22:24:46.556" level="INFO">Typing text 'firstuser9' into text field 'id:username'.</msg>
<status status="PASS" starttime="20210525 22:24:46.556" endtime="20210525 22:24:46.684"/>
</kw>
<kw name="Input Text" library="SeleniumLibrary">
<arg>id:${lpassword}</arg>
<arg>${Password}</arg>
<doc>Types the given ``text`` into the text field identified by ``locator``.</doc>
<msg timestamp="20210525 22:24:46.685" level="INFO">Typing text 'password' into text field 'id:password'.</msg>
<status status="PASS" starttime="20210525 22:24:46.684" endtime="20210525 22:24:46.746"/>
</kw>
<kw name="Input Text" library="SeleniumLibrary">
<arg>id:${lfirstname}</arg>
<arg>${Firstname}</arg>
<doc>Types the given ``text`` into the text field identified by ``locator``.</doc>
<msg timestamp="20210525 22:24:46.748" level="INFO">Typing text 'first' into text field 'id:firstname'.</msg>
<status status="PASS" starttime="20210525 22:24:46.747" endtime="20210525 22:24:46.824"/>
</kw>
<kw name="Input Text" library="SeleniumLibrary">
<arg>id:${llastname}</arg>
<arg>${Familyname}</arg>
<doc>Types the given ``text`` into the text field identified by ``locator``.</doc>
<msg timestamp="20210525 22:24:46.825" level="INFO">Typing text 'user' into text field 'id:lastname'.</msg>
<status status="PASS" starttime="20210525 22:24:46.824" endtime="20210525 22:24:46.908"/>
</kw>
<kw name="Input Text" library="SeleniumLibrary">
<arg>id:${lphone}</arg>
<arg>${Phone}</arg>
<doc>Types the given ``text`` into the text field identified by ``locator``.</doc>
<msg timestamp="20210525 22:24:46.909" level="INFO">Typing text '876543219' into text field 'id:phone'.</msg>
<status status="PASS" starttime="20210525 22:24:46.908" endtime="20210525 22:24:46.989"/>
</kw>
<status status="PASS" starttime="20210525 22:24:46.540" endtime="20210525 22:24:46.989"/>
</kw>
<kw name="Click on RegisterButton" library="Common">
<doc>This keyword is used to click register button in register page</doc>
<kw name="Read Element Locator" library="Common">
<var>${lRegisterbutton}</var>
<arg>Registration.register_button_xpath</arg>
<doc>This keyword is used to fetch the locator from jsonfile</doc>
<kw name="Read Locator From Json" library="Locator">
<var>${result}</var>
<arg>${JsonPath}</arg>
<msg timestamp="20210525 22:24:47.004" level="INFO">${result} = //input[@type='submit']</msg>
<status status="PASS" starttime="20210525 22:24:47.003" endtime="20210525 22:24:47.004"/>
</kw>
<msg timestamp="20210525 22:24:47.004" level="INFO">${lRegisterbutton} = //input[@type='submit']</msg>
<status status="PASS" starttime="20210525 22:24:47.002" endtime="20210525 22:24:47.004"/>
</kw>
<kw name="Click Button" library="SeleniumLibrary">
<arg>xpath:${lRegisterbutton}</arg>
<doc>Clicks the button identified by ``locator``.</doc>
<msg timestamp="20210525 22:24:47.005" level="INFO">Clicking button 'xpath://input[@type='submit']'.</msg>
<status status="PASS" starttime="20210525 22:24:47.004" endtime="20210525 22:24:47.081"/>
</kw>
<status status="PASS" starttime="20210525 22:24:47.002" endtime="20210525 22:24:47.082"/>
</kw>
<kw name="Close Browser Window" library="Common" type="TEARDOWN">
<doc>This keyword is used to close the browser</doc>
<kw name="Close Browser" library="SeleniumLibrary">
<doc>Closes the current browser.</doc>
<status status="PASS" starttime="20210525 22:24:47.102" endtime="20210525 22:24:48.577"/>
</kw>
<status status="PASS" starttime="20210525 22:24:47.101" endtime="20210525 22:24:48.578"/>
</kw>
<doc>This testcase will create a default user for testing purpose</doc>
<status status="PASS" starttime="20210525 22:24:40.255" endtime="20210525 22:24:48.578"/>
</test>
<test id="s1-t2" name="New User Registration with valid details">
<kw name="Start Browser and Maximize" library="Common" type="SETUP">
<doc>This keyword is used to open browser and maximize it.</doc>
<kw name="Open Browser" library="SeleniumLibrary">
<arg>${URL}</arg>
<arg>${Browser}</arg>
<doc>Opens a new browser instance to the optional ``url``.</doc>
<msg timestamp="20210525 22:24:48.585" level="INFO">Opening browser 'ff' to base url 'http://127.0.0.1:8080/'.</msg>
<msg timestamp="20210525 22:24:48.606" level="INFO">Firefox driver log is always forced to to: C:\Users\nitin\PycharmProjects\TaskDemo\geckodriver-398.log</msg>
<status status="PASS" starttime="20210525 22:24:48.585" endtime="20210525 22:24:53.124"/>
</kw>
<kw name="Maximize Browser Window" library="SeleniumLibrary">
<doc>Maximizes current browser window.</doc>
<status status="PASS" starttime="20210525 22:24:53.125" endtime="20210525 22:24:53.425"/>
</kw>
<status status="PASS" starttime="20210525 22:24:48.584" endtime="20210525 22:24:53.426"/>
</kw>
<kw name="Click on RegisterLink" library="Common">
<doc>This keyword is used to click register link in home page</doc>
<kw name="Read Element Locator" library="Common">
<var>${lRegistorlink}</var>
<arg>Home.register_link_xpath</arg>
<doc>This keyword is used to fetch the locator from jsonfile</doc>
<kw name="Read Locator From Json" library="Locator">
<var>${result}</var>
<arg>${JsonPath}</arg>
<msg timestamp="20210525 22:24:53.433" level="INFO">${result} = //a[text()='Register']</msg>
<status status="PASS" starttime="20210525 22:24:53.432" endtime="20210525 22:24:53.433"/>
</kw>
<msg timestamp="20210525 22:24:53.433" level="INFO">${lRegistorlink} = //a[text()='Register']</msg>
<status status="PASS" starttime="20210525 22:24:53.432" endtime="20210525 22:24:53.433"/>
</kw>
<kw name="Click Link" library="SeleniumLibrary">
<arg>xpath:${lRegistorlink}</arg>
<doc>Clicks a link identified by ``locator``.</doc>
<msg timestamp="20210525 22:24:53.434" level="INFO">Clicking link 'xpath://a[text()='Register']'.</msg>
<status status="PASS" starttime="20210525 22:24:53.434" endtime="20210525 22:24:53.564"/>
</kw>
<status status="PASS" starttime="20210525 22:24:53.431" endtime="20210525 22:24:53.565"/>
</kw>
<kw name="Fill values in register form" library="RegisterPage">
<arg>${new_username}</arg>
<arg>${new_password}</arg>
<arg>${new_firstname}</arg>
<arg>${new_lastname}</arg>
<arg>${new_phone}</arg>
<doc>This Keyword is used to fill all the fields in the registeration form</doc>
<kw name="Read Element Locator" library="Common">
<var>${lusername}</var>
<arg>Registration.username_textbox_id</arg>
<doc>This keyword is used to fetch the locator from jsonfile</doc>
<kw name="Read Locator From Json" library="Locator">
<var>${result}</var>
<arg>${JsonPath}</arg>
<msg timestamp="20210525 22:24:53.584" level="INFO">${result} = username</msg>
<status status="PASS" starttime="20210525 22:24:53.584" endtime="20210525 22:24:53.584"/>
</kw>
<msg timestamp="20210525 22:24:53.585" level="INFO">${lusername} = username</msg>
<status status="PASS" starttime="20210525 22:24:53.583" endtime="20210525 22:24:53.585"/>
</kw>
<kw name="Read Element Locator" library="Common">
<var>${lpassword}</var>
<arg>Registration.password_textbox_id</arg>
<doc>This keyword is used to fetch the locator from jsonfile</doc>
<kw name="Read Locator From Json" library="Locator">
<var>${result}</var>
<arg>${JsonPath}</arg>
<msg timestamp="20210525 22:24:53.587" level="INFO">${result} = password</msg>
<status status="PASS" starttime="20210525 22:24:53.586" endtime="20210525 22:24:53.587"/>
</kw>
<msg timestamp="20210525 22:24:53.587" level="INFO">${lpassword} = password</msg>
<status status="PASS" starttime="20210525 22:24:53.585" endtime="20210525 22:24:53.587"/>
</kw>
<kw name="Read Element Locator" library="Common">
<var>${lfirstname}</var>
<arg>Registration.firstname_textbox_id</arg>
<doc>This keyword is used to fetch the locator from jsonfile</doc>
<kw name="Read Locator From Json" library="Locator">
<var>${result}</var>
<arg>${JsonPath}</arg>
<msg timestamp="20210525 22:24:53.588" level="INFO">${result} = firstname</msg>
<status status="PASS" starttime="20210525 22:24:53.588" endtime="20210525 22:24:53.588"/>
</kw>
<msg timestamp="20210525 22:24:53.589" level="INFO">${lfirstname} = firstname</msg>
<status status="PASS" starttime="20210525 22:24:53.587" endtime="20210525 22:24:53.589"/>
</kw>
<kw name="Read Element Locator" library="Common">
<var>${llastname}</var>
<arg>Registration.lastname_textbox_id</arg>
<doc>This keyword is used to fetch the locator from jsonfile</doc>
<kw name="Read Locator From Json" library="Locator">
<var>${result}</var>
<arg>${JsonPath}</arg>
<msg timestamp="20210525 22:24:53.590" level="INFO">${result} = lastname</msg>
<status status="PASS" starttime="20210525 22:24:53.589" endtime="20210525 22:24:53.590"/>
</kw>
<msg timestamp="20210525 22:24:53.591" level="INFO">${llastname} = lastname</msg>
<status status="PASS" starttime="20210525 22:24:53.589" endtime="20210525 22:24:53.591"/>
</kw>
<kw name="Read Element Locator" library="Common">
<var>${lphone}</var>
<arg>Registration.phone_textbox_id</arg>
<doc>This keyword is used to fetch the locator from jsonfile</doc>
<kw name="Read Locator From Json" library="Locator">
<var>${result}</var>
<arg>${JsonPath}</arg>
<msg timestamp="20210525 22:24:53.595" level="INFO">${result} = phone</msg>
<status status="PASS" starttime="20210525 22:24:53.594" endtime="20210525 22:24:53.595"/>
</kw>
<msg timestamp="20210525 22:24:53.595" level="INFO">${lphone} = phone</msg>
<status status="PASS" starttime="20210525 22:24:53.592" endtime="20210525 22:24:53.595"/>
</kw>
<kw name="Input Text" library="SeleniumLibrary">
<arg>id:${lusername}</arg>
<arg>${Username}</arg>
<doc>Types the given ``text`` into the text field identified by ``locator``.</doc>
<msg timestamp="20210525 22:24:53.596" level="INFO">Typing text 'EYpuMVhYJJ' into text field 'id:username'.</msg>
<status status="PASS" starttime="20210525 22:24:53.595" endtime="20210525 22:24:53.670"/>
</kw>
<kw name="Input Text" library="SeleniumLibrary">
<arg>id:${lpassword}</arg>
<arg>${Password}</arg>
<doc>Types the given ``text`` into the text field identified by ``locator``.</doc>
<msg timestamp="20210525 22:24:53.671" level="INFO">Typing text 'test1234' into text field 'id:password'.</msg>
<status status="PASS" starttime="20210525 22:24:53.670" endtime="20210525 22:24:53.715"/>
</kw>
<kw name="Input Text" library="SeleniumLibrary">
<arg>id:${lfirstname}</arg>
<arg>${Firstname}</arg>
<doc>Types the given ``text`` into the text field identified by ``locator``.</doc>
<msg timestamp="20210525 22:24:53.716" level="INFO">Typing text 'test' into text field 'id:firstname'.</msg>
<status status="PASS" starttime="20210525 22:24:53.716" endtime="20210525 22:24:53.747"/>
</kw>
<kw name="Input Text" library="SeleniumLibrary">
<arg>id:${llastname}</arg>
<arg>${Familyname}</arg>
<doc>Types the given ``text`` into the text field identified by ``locator``.</doc>
<msg timestamp="20210525 22:24:53.748" level="INFO">Typing text 'tdf' into text field 'id:lastname'.</msg>
<status status="PASS" starttime="20210525 22:24:53.747" endtime="20210525 22:24:53.786"/>
</kw>
<kw name="Input Text" library="SeleniumLibrary">
<arg>id:${lphone}</arg>
<arg>${Phone}</arg>
<doc>Types the given ``text`` into the text field identified by ``locator``.</doc>
<msg timestamp="20210525 22:24:53.787" level="INFO">Typing text '764443322' into text field 'id:phone'.</msg>
<status status="PASS" starttime="20210525 22:24:53.786" endtime="20210525 22:24:53.830"/>
</kw>
<status status="PASS" starttime="20210525 22:24:53.582" endtime="20210525 22:24:53.831"/>
</kw>
<kw name="Click on RegisterButton" library="Common">
<doc>This keyword is used to click register button in register page</doc>
<kw name="Read Element Locator" library="Common">
<var>${lRegisterbutton}</var>
<arg>Registration.register_button_xpath</arg>
<doc>This keyword is used to fetch the locator from jsonfile</doc>
<kw name="Read Locator From Json" library="Locator">
<var>${result}</var>
<arg>${JsonPath}</arg>
<msg timestamp="20210525 22:24:53.837" level="INFO">${result} = //input[@type='submit']</msg>
<status status="PASS" starttime="20210525 22:24:53.836" endtime="20210525 22:24:53.837"/>
</kw>
<msg timestamp="20210525 22:24:53.838" level="INFO">${lRegisterbutton} = //input[@type='submit']</msg>
<status status="PASS" starttime="20210525 22:24:53.836" endtime="20210525 22:24:53.838"/>
</kw>
<kw name="Click Button" library="SeleniumLibrary">
<arg>xpath:${lRegisterbutton}</arg>
<doc>Clicks the button identified by ``locator``.</doc>
<msg timestamp="20210525 22:24:53.838" level="INFO">Clicking button 'xpath://input[@type='submit']'.</msg>
<status status="PASS" starttime="20210525 22:24:53.838" endtime="20210525 22:24:53.986"/>
</kw>
<status status="PASS" starttime="20210525 22:24:53.835" endtime="20210525 22:24:53.986"/>
</kw>
<kw name="Login Page Should be Open" library="LoginPage">
<doc>This keyword is check if login page is open</doc>
<kw name="Title Should Be" library="SeleniumLibrary">
<arg>Log In - Demo App</arg>
<doc>Verifies that the current page title equals ``title``.</doc>
<msg timestamp="20210525 22:24:53.996" level="INFO">Page title is 'Log In - Demo App'.</msg>
<status status="PASS" starttime="20210525 22:24:53.989" endtime="20210525 22:24:53.996"/>
</kw>
<status status="PASS" starttime="20210525 22:24:53.988" endtime="20210525 22:24:53.996"/>
</kw>
<kw name="Close Browser Window" library="Common" type="TEARDOWN">
<doc>This keyword is used to close the browser</doc>
<kw name="Close Browser" library="SeleniumLibrary">
<doc>Closes the current browser.</doc>
<status status="PASS" starttime="20210525 22:24:53.998" endtime="20210525 22:24:55.130"/>
</kw>
<status status="PASS" starttime="20210525 22:24:53.997" endtime="20210525 22:24:55.130"/>
</kw>
<doc>This testcase will register a new user successfully</doc>
<status status="PASS" starttime="20210525 22:24:48.583" endtime="20210525 22:24:55.130"/>
</test>
<test id="s1-t3" name="Review the Registered new user details">
<kw name="Start Browser and Maximize" library="Common" type="SETUP">
<doc>This keyword is used to open browser and maximize it.</doc>
<kw name="Open Browser" library="SeleniumLibrary">
<arg>${URL}</arg>
<arg>${Browser}</arg>
<doc>Opens a new browser instance to the optional ``url``.</doc>
<msg timestamp="20210525 22:24:55.130" level="INFO">Opening browser 'ff' to base url 'http://127.0.0.1:8080/'.</msg>
<msg timestamp="20210525 22:24:55.162" level="INFO">Firefox driver log is always forced to to: C:\Users\nitin\PycharmProjects\TaskDemo\geckodriver-399.log</msg>
<status status="PASS" starttime="20210525 22:24:55.130" endtime="20210525 22:24:59.780"/>
</kw>
<kw name="Maximize Browser Window" library="SeleniumLibrary">
<doc>Maximizes current browser window.</doc>
<status status="PASS" starttime="20210525 22:24:59.780" endtime="20210525 22:25:00.054"/>
</kw>
<status status="PASS" starttime="20210525 22:24:55.130" endtime="20210525 22:25:00.054"/>
</kw>
<kw name="Click on LoginLink" library="Common">
<doc>This keyword is used to click login link in home page</doc>
<kw name="Read Element Locator" library="Common">
<var>${lLoginlink}</var>
<arg>Home.login_link_xpath</arg>
<doc>This keyword is used to fetch the locator from jsonfile</doc>
<kw name="Read Locator From Json" library="Locator">
<var>${result}</var>
<arg>${JsonPath}</arg>
<msg timestamp="20210525 22:25:00.062" level="INFO">${result} = //a[text()='Log In']</msg>
<status status="PASS" starttime="20210525 22:25:00.062" endtime="20210525 22:25:00.062"/>
</kw>
<msg timestamp="20210525 22:25:00.062" level="INFO">${lLoginlink} = //a[text()='Log In']</msg>
<status status="PASS" starttime="20210525 22:25:00.054" endtime="20210525 22:25:00.062"/>
</kw>
<kw name="Click Link" library="SeleniumLibrary">
<arg>xpath:${lLoginlink}</arg>
<doc>Clicks a link identified by ``locator``.</doc>
<msg timestamp="20210525 22:25:00.064" level="INFO">Clicking link 'xpath://a[text()='Log In']'.</msg>
<status status="PASS" starttime="20210525 22:25:00.062" endtime="20210525 22:25:00.175"/>
</kw>
<status status="PASS" starttime="20210525 22:25:00.054" endtime="20210525 22:25:00.175"/>
</kw>
<kw name="Login Page Should be Open" library="LoginPage">
<doc>This keyword is check if login page is open</doc>
<kw name="Title Should Be" library="SeleniumLibrary">
<arg>Log In - Demo App</arg>
<doc>Verifies that the current page title equals ``title``.</doc>
<msg timestamp="20210525 22:25:00.183" level="INFO">Page title is 'Log In - Demo App'.</msg>
<status status="PASS" starttime="20210525 22:25:00.175" endtime="20210525 22:25:00.185"/>
</kw>
<status status="PASS" starttime="20210525 22:25:00.175" endtime="20210525 22:25:00.185"/>
</kw>
<kw name="Fill values in login page" library="LoginPage">
<arg>${new_username}</arg>
<arg>${new_password}</arg>
<doc>This keyword is used to fill all the field values in login page</doc>
<kw name="Input Text" library="SeleniumLibrary">
<arg>id:username</arg>
<arg>${UserName}</arg>
<doc>Types the given ``text`` into the text field identified by ``locator``.</doc>
<msg timestamp="20210525 22:25:00.185" level="INFO">Typing text 'EYpuMVhYJJ' into text field 'id:username'.</msg>
<status status="PASS" starttime="20210525 22:25:00.185" endtime="20210525 22:25:00.236"/>
</kw>
<kw name="Input Text" library="SeleniumLibrary">
<arg>id:password</arg>
<arg>${Password}</arg>
<doc>Types the given ``text`` into the text field identified by ``locator``.</doc>
<msg timestamp="20210525 22:25:00.236" level="INFO">Typing text 'test1234' into text field 'id:password'.</msg>
<status status="PASS" starttime="20210525 22:25:00.236" endtime="20210525 22:25:00.276"/>
</kw>
<status status="PASS" starttime="20210525 22:25:00.185" endtime="20210525 22:25:00.276"/>
</kw>
<kw name="Click on LoginButton" library="Common">
<doc>This keyword is used to click register link in login page</doc>
<kw name="Read Element Locator" library="Common">
<var>${lLoginbutton}</var>
<arg>Login.login_button_xpath</arg>
<doc>This keyword is used to fetch the locator from jsonfile</doc>
<kw name="Read Locator From Json" library="Locator">
<var>${result}</var>
<arg>${JsonPath}</arg>
<msg timestamp="20210525 22:25:00.276" level="INFO">${result} = //input[@type='submit']</msg>
<status status="PASS" starttime="20210525 22:25:00.276" endtime="20210525 22:25:00.276"/>
</kw>
<msg timestamp="20210525 22:25:00.276" level="INFO">${lLoginbutton} = //input[@type='submit']</msg>
<status status="PASS" starttime="20210525 22:25:00.276" endtime="20210525 22:25:00.276"/>
</kw>
<kw name="Click Button" library="SeleniumLibrary">
<arg>xpath:${lLoginbutton}</arg>
<doc>Clicks the button identified by ``locator``.</doc>
<msg timestamp="20210525 22:25:00.276" level="INFO">Clicking button 'xpath://input[@type='submit']'.</msg>
<status status="PASS" starttime="20210525 22:25:00.276" endtime="20210525 22:25:00.407"/>
</kw>
<status status="PASS" starttime="20210525 22:25:00.276" endtime="20210525 22:25:00.407"/>
</kw>
<kw name="Verify the User Information" library="MainViewPage">
<doc>This keyword is used to verify the user details on main view page</doc>
<kw name="Read Element Locator" library="Common">
<var>${lMainview_Username}</var>
<arg>MainView.username_id</arg>
<doc>This keyword is used to fetch the locator from jsonfile</doc>
<kw name="Read Locator From Json" library="Locator">
<var>${result}</var>
<arg>${JsonPath}</arg>
<msg timestamp="20210525 22:25:00.415" level="INFO">${result} = username</msg>
<status status="PASS" starttime="20210525 22:25:00.415" endtime="20210525 22:25:00.415"/>
</kw>
<msg timestamp="20210525 22:25:00.415" level="INFO">${lMainview_Username} = username</msg>
<status status="PASS" starttime="20210525 22:25:00.407" endtime="20210525 22:25:00.415"/>
</kw>
<kw name="Read Element Locator" library="Common">
<var>${lMainview_firstname}</var>
<arg>MainView.firstname_id</arg>
<doc>This keyword is used to fetch the locator from jsonfile</doc>
<kw name="Read Locator From Json" library="Locator">
<var>${result}</var>
<arg>${JsonPath}</arg>
<msg timestamp="20210525 22:25:00.417" level="INFO">${result} = firstname</msg>
<status status="PASS" starttime="20210525 22:25:00.417" endtime="20210525 22:25:00.417"/>
</kw>
<msg timestamp="20210525 22:25:00.417" level="INFO">${lMainview_firstname} = firstname</msg>
<status status="PASS" starttime="20210525 22:25:00.417" endtime="20210525 22:25:00.417"/>
</kw>
<kw name="Read Element Locator" library="Common">
<var>${lMainview_lastname}</var>
<arg>MainView.lastname_id</arg>
<doc>This keyword is used to fetch the locator from jsonfile</doc>
<kw name="Read Locator From Json" library="Locator">
<var>${result}</var>
<arg>${JsonPath}</arg>
<msg timestamp="20210525 22:25:00.417" level="INFO">${result} = lastname</msg>
<status status="PASS" starttime="20210525 22:25:00.417" endtime="20210525 22:25:00.417"/>
</kw>
<msg timestamp="20210525 22:25:00.417" level="INFO">${lMainview_lastname} = lastname</msg>
<status status="PASS" starttime="20210525 22:25:00.417" endtime="20210525 22:25:00.417"/>
</kw>
<kw name="Read Element Locator" library="Common">
<var>${lMainview_phone}</var>
<arg>MainView.phone_id</arg>
<doc>This keyword is used to fetch the locator from jsonfile</doc>
<kw name="Read Locator From Json" library="Locator">
<var>${result}</var>
<arg>${JsonPath}</arg>
<msg timestamp="20210525 22:25:00.417" level="INFO">${result} = phone</msg>
<status status="PASS" starttime="20210525 22:25:00.417" endtime="20210525 22:25:00.417"/>
</kw>
<msg timestamp="20210525 22:25:00.417" level="INFO">${lMainview_phone} = phone</msg>
<status status="PASS" starttime="20210525 22:25:00.417" endtime="20210525 22:25:00.426"/>
</kw>
<kw name="Get Text" library="SeleniumLibrary">
<var>${Mainview_username}</var>
<arg>id:${lMainview_Username}</arg>
<doc>Returns the text value of the element identified by ``locator``.</doc>
<msg timestamp="20210525 22:25:00.529" level="INFO">${Mainview_username} = EYpuMVhYJJ</msg>
<status status="PASS" starttime="20210525 22:25:00.426" endtime="20210525 22:25:00.529"/>
</kw>
<kw name="Get Text" library="SeleniumLibrary">
<var>${Mainview_firstname}</var>
<arg>id:${lMainview_firstname}</arg>
<doc>Returns the text value of the element identified by ``locator``.</doc>
<msg timestamp="20210525 22:25:00.539" level="INFO">${Mainview_firstname} = test</msg>
<status status="PASS" starttime="20210525 22:25:00.529" endtime="20210525 22:25:00.539"/>
</kw>
<kw name="Get Text" library="SeleniumLibrary">
<var>${Mainview_lastname}</var>
<arg>id:${lMainview_lastname}</arg>
<doc>Returns the text value of the element identified by ``locator``.</doc>
<msg timestamp="20210525 22:25:00.559" level="INFO">${Mainview_lastname} = tdf</msg>
<status status="PASS" starttime="20210525 22:25:00.539" endtime="20210525 22:25:00.559"/>
</kw>
<kw name="Get Text" library="SeleniumLibrary">
<var>${Mainview_phone}</var>
<arg>id:${lMainview_phone}</arg>
<doc>Returns the text value of the element identified by ``locator``.</doc>
<msg timestamp="20210525 22:25:00.567" level="INFO">${Mainview_phone} = 764443322</msg>
<status status="PASS" starttime="20210525 22:25:00.559" endtime="20210525 22:25:00.567"/>
</kw>
<kw name="Should Be Equal As Strings" library="BuiltIn">
<arg>${Mainview_username}</arg>
<arg>${new_username}</arg>
<doc>Fails if objects are unequal after converting them to strings.</doc>
<status status="PASS" starttime="20210525 22:25:00.569" endtime="20210525 22:25:00.569"/>
</kw>
<kw name="Should Be Equal As Strings" library="BuiltIn">
<arg>${Mainview_firstname}</arg>
<arg>${new_firstname}</arg>
<doc>Fails if objects are unequal after converting them to strings.</doc>
<status status="PASS" starttime="20210525 22:25:00.569" endtime="20210525 22:25:00.569"/>
</kw>
<kw name="Should Be Equal As Strings" library="BuiltIn">
<arg>${Mainview_lastname}</arg>
<arg>${new_lastname}</arg>
<doc>Fails if objects are unequal after converting them to strings.</doc>
<status status="PASS" starttime="20210525 22:25:00.569" endtime="20210525 22:25:00.569"/>
</kw>
<kw name="Should Be Equal As Strings" library="BuiltIn">
<arg>${Mainview_phone}</arg>
<arg>${new_phone}</arg>
<doc>Fails if objects are unequal after converting them to strings.</doc>
<status status="PASS" starttime="20210525 22:25:00.569" endtime="20210525 22:25:00.569"/>
</kw>
<status status="PASS" starttime="20210525 22:25:00.407" endtime="20210525 22:25:00.569"/>
</kw>
<kw name="Close Browser Window" library="Common" type="TEARDOWN">
<doc>This keyword is used to close the browser</doc>
<kw name="Close Browser" library="SeleniumLibrary">
<doc>Closes the current browser.</doc>
<status status="PASS" starttime="20210525 22:25:00.569" endtime="20210525 22:25:01.496"/>
</kw>
<status status="PASS" starttime="20210525 22:25:00.569" endtime="20210525 22:25:01.496"/>
</kw>
<doc>This is to verify the registered new user details from the main view</doc>
<status status="PASS" starttime="20210525 22:24:55.130" endtime="20210525 22:25:01.496"/>
</test>
<test id="s1-t4" name="Existing User Registration">
<kw name="Start Browser and Maximize" library="Common" type="SETUP">
<doc>This keyword is used to open browser and maximize it.</doc>
<kw name="Open Browser" library="SeleniumLibrary">
<arg>${URL}</arg>
<arg>${Browser}</arg>
<doc>Opens a new browser instance to the optional ``url``.</doc>
<msg timestamp="20210525 22:25:01.511" level="INFO">Opening browser 'ff' to base url 'http://127.0.0.1:8080/'.</msg>
<msg timestamp="20210525 22:25:01.527" level="INFO">Firefox driver log is always forced to to: C:\Users\nitin\PycharmProjects\TaskDemo\geckodriver-400.log</msg>
<status status="PASS" starttime="20210525 22:25:01.511" endtime="20210525 22:25:05.944"/>
</kw>
<kw name="Maximize Browser Window" library="SeleniumLibrary">
<doc>Maximizes current browser window.</doc>
<status status="PASS" starttime="20210525 22:25:05.944" endtime="20210525 22:25:06.256"/>
</kw>
<status status="PASS" starttime="20210525 22:25:01.511" endtime="20210525 22:25:06.256"/>
</kw>
<kw name="Click on RegisterLink" library="Common">
<doc>This keyword is used to click register link in home page</doc>
<kw name="Read Element Locator" library="Common">
<var>${lRegistorlink}</var>
<arg>Home.register_link_xpath</arg>
<doc>This keyword is used to fetch the locator from jsonfile</doc>
<kw name="Read Locator From Json" library="Locator">
<var>${result}</var>
<arg>${JsonPath}</arg>
<msg timestamp="20210525 22:25:06.258" level="INFO">${result} = //a[text()='Register']</msg>
<status status="PASS" starttime="20210525 22:25:06.258" endtime="20210525 22:25:06.258"/>
</kw>
<msg timestamp="20210525 22:25:06.258" level="INFO">${lRegistorlink} = //a[text()='Register']</msg>
<status status="PASS" starttime="20210525 22:25:06.258" endtime="20210525 22:25:06.258"/>
</kw>
<kw name="Click Link" library="SeleniumLibrary">
<arg>xpath:${lRegistorlink}</arg>
<doc>Clicks a link identified by ``locator``.</doc>
<msg timestamp="20210525 22:25:06.258" level="INFO">Clicking link 'xpath://a[text()='Register']'.</msg>
<status status="PASS" starttime="20210525 22:25:06.258" endtime="20210525 22:25:06.380"/>
</kw>
<status status="PASS" starttime="20210525 22:25:06.258" endtime="20210525 22:25:06.380"/>
</kw>
<kw name="Fill values in register form" library="RegisterPage">
<arg>${default_username}</arg>
<arg>${default_password}</arg>
<arg>${default_firstname}</arg>
<arg>${default_lastname}</arg>
<arg>${default_phone}</arg>
<doc>This Keyword is used to fill all the fields in the registeration form</doc>
<kw name="Read Element Locator" library="Common">
<var>${lusername}</var>
<arg>Registration.username_textbox_id</arg>
<doc>This keyword is used to fetch the locator from jsonfile</doc>
<kw name="Read Locator From Json" library="Locator">
<var>${result}</var>
<arg>${JsonPath}</arg>
<msg timestamp="20210525 22:25:06.390" level="INFO">${result} = username</msg>
<status status="PASS" starttime="20210525 22:25:06.390" endtime="20210525 22:25:06.390"/>
</kw>
<msg timestamp="20210525 22:25:06.390" level="INFO">${lusername} = username</msg>
<status status="PASS" starttime="20210525 22:25:06.388" endtime="20210525 22:25:06.390"/>
</kw>
<kw name="Read Element Locator" library="Common">
<var>${lpassword}</var>
<arg>Registration.password_textbox_id</arg>
<doc>This keyword is used to fetch the locator from jsonfile</doc>
<kw name="Read Locator From Json" library="Locator">
<var>${result}</var>
<arg>${JsonPath}</arg>
<msg timestamp="20210525 22:25:06.390" level="INFO">${result} = password</msg>
<status status="PASS" starttime="20210525 22:25:06.390" endtime="20210525 22:25:06.390"/>
</kw>
<msg timestamp="20210525 22:25:06.390" level="INFO">${lpassword} = password</msg>
<status status="PASS" starttime="20210525 22:25:06.390" endtime="20210525 22:25:06.390"/>
</kw>
<kw name="Read Element Locator" library="Common">
<var>${lfirstname}</var>
<arg>Registration.firstname_textbox_id</arg>
<doc>This keyword is used to fetch the locator from jsonfile</doc>
<kw name="Read Locator From Json" library="Locator">
<var>${result}</var>
<arg>${JsonPath}</arg>
<msg timestamp="20210525 22:25:06.390" level="INFO">${result} = firstname</msg>
<status status="PASS" starttime="20210525 22:25:06.390" endtime="20210525 22:25:06.390"/>
</kw>
<msg timestamp="20210525 22:25:06.398" level="INFO">${lfirstname} = firstname</msg>
<status status="PASS" starttime="20210525 22:25:06.390" endtime="20210525 22:25:06.398"/>
</kw>
<kw name="Read Element Locator" library="Common">
<var>${llastname}</var>
<arg>Registration.lastname_textbox_id</arg>
<doc>This keyword is used to fetch the locator from jsonfile</doc>
<kw name="Read Locator From Json" library="Locator">
<var>${result}</var>
<arg>${JsonPath}</arg>
<msg timestamp="20210525 22:25:06.400" level="INFO">${result} = lastname</msg>
<status status="PASS" starttime="20210525 22:25:06.398" endtime="20210525 22:25:06.400"/>
</kw>
<msg timestamp="20210525 22:25:06.400" level="INFO">${llastname} = lastname</msg>
<status status="PASS" starttime="20210525 22:25:06.398" endtime="20210525 22:25:06.400"/>
</kw>
<kw name="Read Element Locator" library="Common">
<var>${lphone}</var>
<arg>Registration.phone_textbox_id</arg>
<doc>This keyword is used to fetch the locator from jsonfile</doc>
<kw name="Read Locator From Json" library="Locator">
<var>${result}</var>
<arg>${JsonPath}</arg>
<msg timestamp="20210525 22:25:06.400" level="INFO">${result} = phone</msg>
<status status="PASS" starttime="20210525 22:25:06.400" endtime="20210525 22:25:06.400"/>
</kw>
<msg timestamp="20210525 22:25:06.400" level="INFO">${lphone} = phone</msg>
<status status="PASS" starttime="20210525 22:25:06.400" endtime="20210525 22:25:06.400"/>
</kw>
<kw name="Input Text" library="SeleniumLibrary">
<arg>id:${lusername}</arg>
<arg>${Username}</arg>
<doc>Types the given ``text`` into the text field identified by ``locator``.</doc>
<msg timestamp="20210525 22:25:06.408" level="INFO">Typing text 'firstuser9' into text field 'id:username'.</msg>
<status status="PASS" starttime="20210525 22:25:06.408" endtime="20210525 22:25:06.471"/>
</kw>
<kw name="Input Text" library="SeleniumLibrary">
<arg>id:${lpassword}</arg>
<arg>${Password}</arg>
<doc>Types the given ``text`` into the text field identified by ``locator``.</doc>
<msg timestamp="20210525 22:25:06.471" level="INFO">Typing text 'password' into text field 'id:password'.</msg>
<status status="PASS" starttime="20210525 22:25:06.471" endtime="20210525 22:25:06.509"/>
</kw>
<kw name="Input Text" library="SeleniumLibrary">
<arg>id:${lfirstname}</arg>
<arg>${Firstname}</arg>
<doc>Types the given ``text`` into the text field identified by ``locator``.</doc>
<msg timestamp="20210525 22:25:06.509" level="INFO">Typing text 'first' into text field 'id:firstname'.</msg>
<status status="PASS" starttime="20210525 22:25:06.509" endtime="20210525 22:25:06.541"/>
</kw>
<kw name="Input Text" library="SeleniumLibrary">
<arg>id:${llastname}</arg>
<arg>${Familyname}</arg>
<doc>Types the given ``text`` into the text field identified by ``locator``.</doc>
<msg timestamp="20210525 22:25:06.541" level="INFO">Typing text 'user' into text field 'id:lastname'.</msg>
<status status="PASS" starttime="20210525 22:25:06.541" endtime="20210525 22:25:06.592"/>
</kw>
<kw name="Input Text" library="SeleniumLibrary">
<arg>id:${lphone}</arg>
<arg>${Phone}</arg>
<doc>Types the given ``text`` into the text field identified by ``locator``.</doc>
<msg timestamp="20210525 22:25:06.600" level="INFO">Typing text '876543219' into text field 'id:phone'.</msg>
<status status="PASS" starttime="20210525 22:25:06.592" endtime="20210525 22:25:06.643"/>
</kw>
<status status="PASS" starttime="20210525 22:25:06.388" endtime="20210525 22:25:06.643"/>
</kw>
<kw name="Click on RegisterButton" library="Common">
<doc>This keyword is used to click register button in register page</doc>
<kw name="Read Element Locator" library="Common">
<var>${lRegisterbutton}</var>
<arg>Registration.register_button_xpath</arg>
<doc>This keyword is used to fetch the locator from jsonfile</doc>
<kw name="Read Locator From Json" library="Locator">
<var>${result}</var>
<arg>${JsonPath}</arg>
<msg timestamp="20210525 22:25:06.643" level="INFO">${result} = //input[@type='submit']</msg>
<status status="PASS" starttime="20210525 22:25:06.643" endtime="20210525 22:25:06.643"/>
</kw>
<msg timestamp="20210525 22:25:06.643" level="INFO">${lRegisterbutton} = //input[@type='submit']</msg>
<status status="PASS" starttime="20210525 22:25:06.643" endtime="20210525 22:25:06.643"/>
</kw>
<kw name="Click Button" library="SeleniumLibrary">
<arg>xpath:${lRegisterbutton}</arg>
<doc>Clicks the button identified by ``locator``.</doc>
<msg timestamp="20210525 22:25:06.643" level="INFO">Clicking button 'xpath://input[@type='submit']'.</msg>
<status status="PASS" starttime="20210525 22:25:06.643" endtime="20210525 22:25:06.832"/>
</kw>
<status status="PASS" starttime="20210525 22:25:06.643" endtime="20210525 22:25:06.832"/>
</kw>
<kw name="Register Page Should be Open" library="RegisterPage">
<doc>This Keyword is used to check the register page is open</doc>
<kw name="Title Should Be" library="SeleniumLibrary">
<arg>Register - Demo App</arg>
<doc>Verifies that the current page title equals ``title``.</doc>
<msg timestamp="20210525 22:25:06.845" level="INFO">Page title is 'Register - Demo App'.</msg>
<status status="PASS" starttime="20210525 22:25:06.845" endtime="20210525 22:25:06.845"/>
</kw>
<status status="PASS" starttime="20210525 22:25:06.843" endtime="20210525 22:25:06.845"/>
</kw>
<kw name="Display error message in Register Page" library="RegisterPage">
<doc>This Keyword is used to check the error message in Register page</doc>
<kw name="Read Element Locator" library="Common">
<var>${lregerrortext}</var>
<arg>Registration.errormessage_xpath</arg>
<doc>This keyword is used to fetch the locator from jsonfile</doc>
<kw name="Read Locator From Json" library="Locator">
<var>${result}</var>
<arg>${JsonPath}</arg>
<msg timestamp="20210525 22:25:06.845" level="INFO">${result} = /html/body/section/div</msg>
<status status="PASS" starttime="20210525 22:25:06.845" endtime="20210525 22:25:06.845"/>
</kw>
<msg timestamp="20210525 22:25:06.853" level="INFO">${lregerrortext} = /html/body/section/div</msg>
<status status="PASS" starttime="20210525 22:25:06.845" endtime="20210525 22:25:06.853"/>
</kw>
<kw name="Get Text" library="SeleniumLibrary">
<var>${message}</var>
<arg>xpath: ${lregerrortext}</arg>
<doc>Returns the text value of the element identified by ``locator``.</doc>
<msg timestamp="20210525 22:25:06.885" level="INFO">${message} = User firstuser9 is already registered.</msg>
<status status="PASS" starttime="20210525 22:25:06.853" endtime="20210525 22:25:06.885"/>
</kw>
<kw name="Log" library="BuiltIn">
<arg>${message}</arg>
<doc>Logs the given message with the given level.</doc>
<msg timestamp="20210525 22:25:06.885" level="INFO">User firstuser9 is already registered.</msg>
<status status="PASS" starttime="20210525 22:25:06.885" endtime="20210525 22:25:06.885"/>
</kw>
<status status="PASS" starttime="20210525 22:25:06.845" endtime="20210525 22:25:06.885"/>
</kw>
<kw name="Close Browser Window" library="Common" type="TEARDOWN">
<doc>This keyword is used to close the browser</doc>
<kw name="Close Browser" library="SeleniumLibrary">
<doc>Closes the current browser.</doc>
<status status="PASS" starttime="20210525 22:25:06.893" endtime="20210525 22:25:07.913"/>
</kw>
<status status="PASS" starttime="20210525 22:25:06.885" endtime="20210525 22:25:07.913"/>
</kw>
<doc>This testcase will try to register existing user/already registered user</doc>
<status status="PASS" starttime="20210525 22:25:01.496" endtime="20210525 22:25:07.913"/>
</test>
<test id="s1-t5" name="Review Unregistered user details">
<kw name="Start Browser and Maximize" library="Common" type="SETUP">
<doc>This keyword is used to open browser and maximize it.</doc>
<kw name="Open Browser" library="SeleniumLibrary">
<arg>${URL}</arg>
<arg>${Browser}</arg>
<doc>Opens a new browser instance to the optional ``url``.</doc>
<msg timestamp="20210525 22:25:07.913" level="INFO">Opening browser 'ff' to base url 'http://127.0.0.1:8080/'.</msg>
<msg timestamp="20210525 22:25:07.944" level="INFO">Firefox driver log is always forced to to: C:\Users\nitin\PycharmProjects\TaskDemo\geckodriver-401.log</msg>
<status status="PASS" starttime="20210525 22:25:07.913" endtime="20210525 22:25:12.549"/>
</kw>
<kw name="Maximize Browser Window" library="SeleniumLibrary">
<doc>Maximizes current browser window.</doc>
<status status="PASS" starttime="20210525 22:25:12.549" endtime="20210525 22:25:12.884"/>
</kw>
<status status="PASS" starttime="20210525 22:25:07.913" endtime="20210525 22:25:12.884"/>
</kw>
<kw name="Click on LoginLink" library="Common">
<doc>This keyword is used to click login link in home page</doc>
<kw name="Read Element Locator" library="Common">
<var>${lLoginlink}</var>
<arg>Home.login_link_xpath</arg>
<doc>This keyword is used to fetch the locator from jsonfile</doc>
<kw name="Read Locator From Json" library="Locator">
<var>${result}</var>
<arg>${JsonPath}</arg>
<msg timestamp="20210525 22:25:12.894" level="INFO">${result} = //a[text()='Log In']</msg>
<status status="PASS" starttime="20210525 22:25:12.894" endtime="20210525 22:25:12.894"/>
</kw>
<msg timestamp="20210525 22:25:12.894" level="INFO">${lLoginlink} = //a[text()='Log In']</msg>
<status status="PASS" starttime="20210525 22:25:12.894" endtime="20210525 22:25:12.894"/>
</kw>
<kw name="Click Link" library="SeleniumLibrary">
<arg>xpath:${lLoginlink}</arg>
<doc>Clicks a link identified by ``locator``.</doc>
<msg timestamp="20210525 22:25:12.894" level="INFO">Clicking link 'xpath://a[text()='Log In']'.</msg>
<status status="PASS" starttime="20210525 22:25:12.894" endtime="20210525 22:25:13.067"/>
</kw>
<status status="PASS" starttime="20210525 22:25:12.894" endtime="20210525 22:25:13.067"/>
</kw>
<kw name="Login Page Should be Open" library="LoginPage">
<doc>This keyword is check if login page is open</doc>
<kw name="Title Should Be" library="SeleniumLibrary">
<arg>Log In - Demo App</arg>
<doc>Verifies that the current page title equals ``title``.</doc>
<msg timestamp="20210525 22:25:13.087" level="INFO">Page title is 'Log In - Demo App'.</msg>
<status status="PASS" starttime="20210525 22:25:13.077" endtime="20210525 22:25:13.087"/>
</kw>
<status status="PASS" starttime="20210525 22:25:13.077" endtime="20210525 22:25:13.087"/>
</kw>
<kw name="Fill values in login page" library="LoginPage">
<arg>${unregistered_username}</arg>
<arg>${unregistered_password}</arg>
<doc>This keyword is used to fill all the field values in login page</doc>
<kw name="Input Text" library="SeleniumLibrary">
<arg>id:username</arg>
<arg>${UserName}</arg>
<doc>Types the given ``text`` into the text field identified by ``locator``.</doc>
<msg timestamp="20210525 22:25:13.087" level="INFO">Typing text 'unregistered' into text field 'id:username'.</msg>
<status status="PASS" starttime="20210525 22:25:13.087" endtime="20210525 22:25:13.157"/>
</kw>
<kw name="Input Text" library="SeleniumLibrary">
<arg>id:password</arg>
<arg>${Password}</arg>
<doc>Types the given ``text`` into the text field identified by ``locator``.</doc>
<msg timestamp="20210525 22:25:13.157" level="INFO">Typing text 'unregpassword' into text field 'id:password'.</msg>
<status status="PASS" starttime="20210525 22:25:13.157" endtime="20210525 22:25:13.206"/>
</kw>
<status status="PASS" starttime="20210525 22:25:13.087" endtime="20210525 22:25:13.206"/>
</kw>
<kw name="Click on LoginButton" library="Common">
<doc>This keyword is used to click register link in login page</doc>
<kw name="Read Element Locator" library="Common">
<var>${lLoginbutton}</var>
<arg>Login.login_button_xpath</arg>
<doc>This keyword is used to fetch the locator from jsonfile</doc>
<kw name="Read Locator From Json" library="Locator">
<var>${result}</var>
<arg>${JsonPath}</arg>
<msg timestamp="20210525 22:25:13.218" level="INFO">${result} = //input[@type='submit']</msg>
<status status="PASS" starttime="20210525 22:25:13.218" endtime="20210525 22:25:13.218"/>
</kw>
<msg timestamp="20210525 22:25:13.218" level="INFO">${lLoginbutton} = //input[@type='submit']</msg>
<status status="PASS" starttime="20210525 22:25:13.218" endtime="20210525 22:25:13.218"/>
</kw>
<kw name="Click Button" library="SeleniumLibrary">
<arg>xpath:${lLoginbutton}</arg>
<doc>Clicks the button identified by ``locator``.</doc>
<msg timestamp="20210525 22:25:13.218" level="INFO">Clicking button 'xpath://input[@type='submit']'.</msg>
<status status="PASS" starttime="20210525 22:25:13.218" endtime="20210525 22:25:13.327"/>
</kw>
<status status="PASS" starttime="20210525 22:25:13.218" endtime="20210525 22:25:13.327"/>
</kw>
<kw name="Login Failure Page Should be Open" library="LoginPage">
<doc>This keyword is check if login error page is open</doc>
<kw name="Title Should Be" library="SeleniumLibrary">
<arg>Login Failure - Demo App</arg>
<doc>Verifies that the current page title equals ``title``.</doc>
<msg timestamp="20210525 22:25:13.349" level="INFO">Page title is 'Login Failure - Demo App'.</msg>
<status status="PASS" starttime="20210525 22:25:13.339" endtime="20210525 22:25:13.349"/>
</kw>
<status status="PASS" starttime="20210525 22:25:13.337" endtime="20210525 22:25:13.349"/>
</kw>
<kw name="Display error message in Login Page" library="LoginPage">
<doc>This keyword is used fetch error message from login page</doc>
<kw name="Read Element Locator" library="Common">
<var>${lerrorheader}</var>
<arg>Login.errormessageheader_xpath</arg>
<doc>This keyword is used to fetch the locator from jsonfile</doc>
<kw name="Read Locator From Json" library="Locator">
<var>${result}</var>
<arg>${JsonPath}</arg>
<msg timestamp="20210525 22:25:13.359" level="INFO">${result} = /html/body/section/header/h1</msg>
<status status="PASS" starttime="20210525 22:25:13.357" endtime="20210525 22:25:13.359"/>
</kw>
<msg timestamp="20210525 22:25:13.359" level="INFO">${lerrorheader} = /html/body/section/header/h1</msg>
<status status="PASS" starttime="20210525 22:25:13.357" endtime="20210525 22:25:13.359"/>
</kw>
<kw name="Read Element Locator" library="Common">
<var>${lerrortext}</var>
<arg>Login.errormessagetext_xpath</arg>
<doc>This keyword is used to fetch the locator from jsonfile</doc>
<kw name="Read Locator From Json" library="Locator">
<var>${result}</var>
<arg>${JsonPath}</arg>
<msg timestamp="20210525 22:25:13.359" level="INFO">${result} = /html/body/section/p[1]</msg>
<status status="PASS" starttime="20210525 22:25:13.359" endtime="20210525 22:25:13.359"/>
</kw>
<msg timestamp="20210525 22:25:13.359" level="INFO">${lerrortext} = /html/body/section/p[1]</msg>
<status status="PASS" starttime="20210525 22:25:13.359" endtime="20210525 22:25:13.359"/>
</kw>
<kw name="Get Text" library="SeleniumLibrary">
<var>${message1}</var>
<arg>xpath:${lerrorheader}</arg>
<doc>Returns the text value of the element identified by ``locator``.</doc>
<msg timestamp="20210525 22:25:13.400" level="INFO">${message1} = Login Failure</msg>
<status status="PASS" starttime="20210525 22:25:13.359" endtime="20210525 22:25:13.400"/>
</kw>
<kw name="Get Text" library="SeleniumLibrary">
<var>${message2}</var>
<arg>xpath:${lerrortext}</arg>
<doc>Returns the text value of the element identified by ``locator``.</doc>
<msg timestamp="20210525 22:25:13.418" level="INFO">${message2} = You provided incorrect login details</msg>
<status status="PASS" starttime="20210525 22:25:13.400" endtime="20210525 22:25:13.418"/>
</kw>
<kw name="Log" library="BuiltIn">
<arg>${message1}</arg>
<doc>Logs the given message with the given level.</doc>
<msg timestamp="20210525 22:25:13.418" level="INFO">Login Failure</msg>
<status status="PASS" starttime="20210525 22:25:13.418" endtime="20210525 22:25:13.418"/>
</kw>
<kw name="Log" library="BuiltIn">
<arg>${message1}</arg>
<doc>Logs the given message with the given level.</doc>
<msg timestamp="20210525 22:25:13.418" level="INFO">Login Failure</msg>
<status status="PASS" starttime="20210525 22:25:13.418" endtime="20210525 22:25:13.418"/>
</kw>
<status status="PASS" starttime="20210525 22:25:13.349" endtime="20210525 22:25:13.420"/>
</kw>
<kw name="Close Browser Window" library="Common" type="TEARDOWN">
<doc>This keyword is used to close the browser</doc>
<kw name="Close Browser" library="SeleniumLibrary">
<doc>Closes the current browser.</doc>
<status status="PASS" starttime="20210525 22:25:13.420" endtime="20210525 22:25:14.576"/>
</kw>
<status status="PASS" starttime="20210525 22:25:13.420" endtime="20210525 22:25:14.576"/>
</kw>
<doc>This is to verify the unregistered new user details</doc>
<status status="PASS" starttime="20210525 22:25:07.913" endtime="20210525 22:25:14.576"/>
</test>
<status status="PASS" starttime="20210525 22:24:39.958" endtime="20210525 22:25:14.576"/>
</suite>
<statistics>
<total>
<stat pass="5" fail="0" skip="0">All Tests</stat>
</total>
<tag>
</tag>
<suite>
<stat pass="5" fail="0" skip="0" id="s1" name="RegisterVerifyNewUser">RegisterVerifyNewUser</stat>
</suite>
</statistics>
<errors>
</errors>
</robot>
